<?xml version="1.0" encoding="UTF-8"?>
<!-- Generated by org.testng.reporters.JUnitXMLReporter -->
<testsuite ignored="0" hostname="INLT360" failures="0" tests="4" name="Test" time="0.089" errors="0" timestamp="2020-05-20T20:30:21 IST">
  <testcase classname="qaclickacademy.Mavenjava.AppiumTest" name="test5" time="0.015"/>
  <testcase classname="qaclickacademy.Mavenjava.AppiumTest" name="test6" time="0.002"/>
  <testcase classname="qaclickacademy.Mavenjava.SeleniumTest" name="test1" time="0.003"/>
  <testcase classname="qaclickacademy.Mavenjava.SeleniumTest" name="test2" time="0.002"/>
</testsuite> <!-- Test -->
