<?xml version="1.0" encoding="UTF-8"?>
<!-- Generated by org.testng.reporters.JUnitXMLReporter -->
<testsuite ignored="0" hostname="INLT360" failures="0" tests="4" name="Test" time="0.067" errors="0" timestamp="2020-05-20T20:43:34 IST">
  <testcase classname="qaclickacademy.Mavenjava.AppiumTest" name="test5" time="0.006"/>
  <testcase classname="qaclickacademy.Mavenjava.AppiumTest" name="test6" time="0.001"/>
  <testcase classname="qaclickacademy.Mavenjava.SeleniumTest" name="test1" time="0.0"/>
  <testcase classname="qaclickacademy.Mavenjava.SeleniumTest" name="test2" time="0.001"/>
</testsuite> <!-- Test -->
