<?xml version="1.0" encoding="UTF-8"?>
<testng-results ignored="0" total="4" passed="4" failed="0" skipped="0">
  <reporter-output>
  </reporter-output>
  <suite started-at="2020-05-20T20:30:21 IST" name="Suite" finished-at="2020-05-20T20:30:21 IST" duration-ms="89">
    <groups>
    </groups>
    <test started-at="2020-05-20T20:30:21 IST" name="Test" finished-at="2020-05-20T20:30:21 IST" duration-ms="89">
      <class name="qaclickacademy.Mavenjava.AppiumTest">
        <test-method signature="test5()[pri:0, instance:qaclickacademy.Mavenjava.AppiumTest@4b5a5ed1]" started-at="2020-05-20T20:30:21 IST" name="test5" finished-at="2020-05-20T20:30:21 IST" duration-ms="15" status="PASS">
          <reporter-output>
          </reporter-output>
        </test-method> <!-- test5 -->
        <test-method signature="test6()[pri:0, instance:qaclickacademy.Mavenjava.AppiumTest@4b5a5ed1]" started-at="2020-05-20T20:30:21 IST" name="test6" finished-at="2020-05-20T20:30:21 IST" duration-ms="2" status="PASS">
          <reporter-output>
          </reporter-output>
        </test-method> <!-- test6 -->
      </class> <!-- qaclickacademy.Mavenjava.AppiumTest -->
      <class name="qaclickacademy.Mavenjava.SeleniumTest">
        <test-method signature="test1()[pri:0, instance:qaclickacademy.Mavenjava.SeleniumTest@59d016c9]" started-at="2020-05-20T20:30:21 IST" name="test1" finished-at="2020-05-20T20:30:21 IST" duration-ms="3" status="PASS">
          <reporter-output>
          </reporter-output>
        </test-method> <!-- test1 -->
        <test-method signature="test2()[pri:0, instance:qaclickacademy.Mavenjava.SeleniumTest@59d016c9]" started-at="2020-05-20T20:30:21 IST" name="test2" finished-at="2020-05-20T20:30:21 IST" duration-ms="2" status="PASS">
          <reporter-output>
          </reporter-output>
        </test-method> <!-- test2 -->
      </class> <!-- qaclickacademy.Mavenjava.SeleniumTest -->
    </test> <!-- Test -->
  </suite> <!-- Suite -->
</testng-results>
